0 info it worked if it ends with ok
<<<<<<< HEAD
1 verbose cli [ '/usr/local/bin/node', '/usr/local/bin/npm', 'run', 'build' ]
=======
1 verbose cli [ '/usr/local/bin/node', '/usr/local/bin/npm', 'start' ]
>>>>>>> 76334f7aa0658f4e81bb3b94f6beb76b540b7f4d
2 info using npm@3.10.2
3 info using node@v4.4.4
4 verbose stack Error: ENOENT: no such file or directory, open '/Users/Neo/Documents/reactlearning/package.json'
4 verbose stack     at Error (native)
5 verbose cwd /Users/Neo/Documents/reactlearning
6 error Darwin 14.3.0
<<<<<<< HEAD
7 error argv "/usr/local/bin/node" "/usr/local/bin/npm" "run" "build"
=======
7 error argv "/usr/local/bin/node" "/usr/local/bin/npm" "start"
>>>>>>> 76334f7aa0658f4e81bb3b94f6beb76b540b7f4d
8 error node v4.4.4
9 error npm  v3.10.2
10 error path /Users/Neo/Documents/reactlearning/package.json
11 error code ENOENT
12 error errno -2
13 error syscall open
14 error enoent ENOENT: no such file or directory, open '/Users/Neo/Documents/reactlearning/package.json'
15 error enoent ENOENT: no such file or directory, open '/Users/Neo/Documents/reactlearning/package.json'
15 error enoent This is most likely not a problem with npm itself
15 error enoent and is related to npm not being able to find a file.
16 verbose exit [ -2, true ]
